[debug] [2022-07-15T04:47:13.917Z] ----------------------------------------------------------------------
[debug] [2022-07-15T04:47:13.922Z] Command:       C:\Program Files\nodejs\node.exe C:\Program Files\nodejs\node_modules\firebase-tools\lib\bin\firebase.js deploy
[debug] [2022-07-15T04:47:13.924Z] CLI Version:   11.2.2
[debug] [2022-07-15T04:47:13.924Z] Platform:      win32
[debug] [2022-07-15T04:47:13.925Z] Node Version:  v16.14.2
[debug] [2022-07-15T04:47:13.927Z] Time:          Fri Jul 15 2022 10:17:13 GMT+0530 (India Standard Time)
[debug] [2022-07-15T04:47:13.928Z] ----------------------------------------------------------------------
[debug] 
[debug] [2022-07-15T04:47:14.133Z] > command requires scopes: ["email","openid","https://www.googleapis.com/auth/cloudplatformprojects.readonly","https://www.googleapis.com/auth/firebase","https://www.googleapis.com/auth/cloud-platform"]
[debug] [2022-07-15T04:47:14.134Z] > authorizing via signed-in user (sohanshetty2001@gmail.com)
[debug] [2022-07-15T04:47:14.135Z] [iam] checking project quizzy-development for permissions ["firebase.projects.get","firebasedatabase.instances.update"]
[debug] [2022-07-15T04:47:14.142Z] >>> [apiv2][query] POST https://cloudresourcemanager.googleapis.com/v1/projects/quizzy-development:testIamPermissions [none]
[debug] [2022-07-15T04:47:14.143Z] >>> [apiv2][body] POST https://cloudresourcemanager.googleapis.com/v1/projects/quizzy-development:testIamPermissions {"permissions":["firebase.projects.get","firebasedatabase.instances.update"]}
[debug] [2022-07-15T04:47:17.005Z] <<< [apiv2][status] POST https://cloudresourcemanager.googleapis.com/v1/projects/quizzy-development:testIamPermissions 200
[debug] [2022-07-15T04:47:17.005Z] <<< [apiv2][body] POST https://cloudresourcemanager.googleapis.com/v1/projects/quizzy-development:testIamPermissions {"permissions":["firebase.projects.get","firebasedatabase.instances.update"]}
[debug] [2022-07-15T04:47:17.008Z] >>> [apiv2][query] GET https://firebase.googleapis.com/v1beta1/projects/quizzy-development [none]
[debug] [2022-07-15T04:47:19.192Z] <<< [apiv2][status] GET https://firebase.googleapis.com/v1beta1/projects/quizzy-development 200
[debug] [2022-07-15T04:47:19.192Z] <<< [apiv2][body] GET https://firebase.googleapis.com/v1beta1/projects/quizzy-development {"projectId":"quizzy-development","projectNumber":"13576353448","displayName":"Quizzy-Development","name":"projects/quizzy-development","resources":{"hostingSite":"quizzy-development","realtimeDatabaseInstance":"quizzy-development-default-rtdb"},"state":"ACTIVE"}
[info] 
[info] === Deploying to 'quizzy-development'...
[info] 
[info] i  deploying database 
[info] i  database: checking rules syntax... 
[debug] [2022-07-15T04:47:19.200Z] >>> [apiv2][query] GET https://firebasedatabase.googleapis.com/v1beta/projects/quizzy-development/locations/-/instances/quizzy-development-default-rtdb [none]
[debug] [2022-07-15T04:47:21.538Z] <<< [apiv2][status] GET https://firebasedatabase.googleapis.com/v1beta/projects/quizzy-development/locations/-/instances/quizzy-development-default-rtdb 200
[debug] [2022-07-15T04:47:21.539Z] <<< [apiv2][body] GET https://firebasedatabase.googleapis.com/v1beta/projects/quizzy-development/locations/-/instances/quizzy-development-default-rtdb {"name":"projects/13576353448/locations/us-central1/instances/quizzy-development-default-rtdb","project":"projects/13576353448","databaseUrl":"https://quizzy-development-default-rtdb.firebaseio.com","type":"DEFAULT_DATABASE","state":"ACTIVE"}
[debug] [2022-07-15T04:47:21.545Z] >>> [apiv2][query] PUT https://quizzy-development-default-rtdb.firebaseio.com/.settings/rules.json dryRun=true
[debug] [2022-07-15T04:47:21.545Z] >>> [apiv2][body] PUT https://quizzy-development-default-rtdb.firebaseio.com/.settings/rules.json "{\n  /* Visit https://firebase.google.com/docs/database/security to learn more about security rules. */\n  \"rules\": {\n    \".read\": false,\n    \".write\": false\n  }\n}"
